11:25:45.293 [main] INFO  org.testng.internal.Utils - [TestNG] Running:
  D:\Venkat\BVN Reddy Tutorial\Automation\selenium-workspace\OpenCart\GroupingTests.xml

11:26:18.285 [main] INFO  testCases.TC_002_LoginTest - ********** Starting TC_002_LoginTest **************
11:26:18.446 [main] INFO  testCases.TC_002_LoginTest - Clicked on My Account link in home page..........
11:26:19.109 [main] INFO  testCases.TC_002_LoginTest - Clicked on login link in home page..........
11:26:19.217 [main] INFO  testCases.TC_002_LoginTest - Login Confirmation : true
11:26:19.217 [main] INFO  testCases.TC_002_LoginTest - Login Page is displayed.....
11:26:19.220 [main] INFO  testCases.TC_002_LoginTest - Login details are provided...
11:26:20.233 [main] INFO  testCases.TC_002_LoginTest - Login is successful.....
11:26:20.930 [main] INFO  testCases.TC_002_LoginTest - Clicked on logout link.....
11:26:21.000 [main] INFO  testCases.TC_002_LoginTest - Accout Logout screen is displayed.....
11:26:21.934 [main] INFO  testCases.TC_002_LoginTest - Clicked on Continue in Accout Logout page.....
11:26:32.005 [main] INFO  testCases.TC_002_LoginTest - Logout is successful.....
11:26:32.005 [main] INFO  testCases.TC_002_LoginTest - *************** Finished TC_002_LoginTest ****************
11:27:27.585 [main] INFO  org.testng.internal.Utils - [TestNG] Running:
  D:\Venkat\BVN Reddy Tutorial\Automation\selenium-workspace\OpenCart\GroupingTests.xml

11:27:59.954 [main] INFO  testCases.TC_001_AccountRegistrationTest - ************* Starting TC_001_AccountRegistrationTest **************
11:28:00.286 [main] INFO  testCases.TC_001_AccountRegistrationTest - Cliked on My Account link..
11:28:00.982 [main] INFO  testCases.TC_001_AccountRegistrationTest - Clicked on Register link...
11:28:00.983 [main] INFO  testCases.TC_001_AccountRegistrationTest - Entering customer details in Register Account page
11:28:01.464 [main] INFO  testCases.TC_001_AccountRegistrationTest - Checked on privacy policy
11:28:01.535 [main] INFO  testCases.TC_001_AccountRegistrationTest - Clicked on Continue....
11:28:02.427 [main] ERROR testCases.TC_001_AccountRegistrationTest - test case is failed........
11:28:26.610 [main] INFO  org.testng.internal.Utils - [TestNG] Running:
  D:\Venkat\BVN Reddy Tutorial\Automation\selenium-workspace\OpenCart\GroupingTests.xml

11:28:55.270 [main] INFO  testCases.TC_001_AccountRegistrationTest - ************* Starting TC_001_AccountRegistrationTest **************
11:28:55.444 [main] INFO  testCases.TC_001_AccountRegistrationTest - Cliked on My Account link..
11:28:56.245 [main] INFO  testCases.TC_001_AccountRegistrationTest - Clicked on Register link...
11:28:56.245 [main] INFO  testCases.TC_001_AccountRegistrationTest - Entering customer details in Register Account page
11:28:56.750 [main] INFO  testCases.TC_001_AccountRegistrationTest - Checked on privacy policy
11:28:56.832 [main] INFO  testCases.TC_001_AccountRegistrationTest - Clicked on Continue....
11:28:57.777 [main] INFO  testCases.TC_001_AccountRegistrationTest - Validated the message 'Your Account Has Been Created!' 
11:29:19.149 [main] INFO  org.testng.internal.Utils - [TestNG] Running:
  D:\Venkat\BVN Reddy Tutorial\Automation\selenium-workspace\OpenCart\GroupingTests.xml

11:29:47.580 [main] INFO  testCases.TC_001_AccountRegistrationTest - ************* Starting TC_001_AccountRegistrationTest **************
11:29:47.725 [main] INFO  testCases.TC_001_AccountRegistrationTest - Cliked on My Account link..
11:29:48.262 [main] INFO  testCases.TC_001_AccountRegistrationTest - Clicked on Register link...
11:29:48.262 [main] INFO  testCases.TC_001_AccountRegistrationTest - Entering customer details in Register Account page
11:29:48.795 [main] INFO  testCases.TC_001_AccountRegistrationTest - Checked on privacy policy
11:29:48.895 [main] INFO  testCases.TC_001_AccountRegistrationTest - Clicked on Continue....
11:29:49.539 [main] INFO  testCases.TC_001_AccountRegistrationTest - Validated the message 'Your Account Has Been Created!' 
11:30:20.305 [main] INFO  testCases.TC_002_LoginTest - ********** Starting TC_002_LoginTest **************
11:30:20.464 [main] INFO  testCases.TC_002_LoginTest - Clicked on My Account link in home page..........
11:30:21.121 [main] INFO  testCases.TC_002_LoginTest - Clicked on login link in home page..........
11:30:21.178 [main] INFO  testCases.TC_002_LoginTest - Login Confirmation : true
11:30:21.178 [main] INFO  testCases.TC_002_LoginTest - Login Page is displayed.....
11:30:21.181 [main] INFO  testCases.TC_002_LoginTest - Login details are provided...
11:30:22.380 [main] INFO  testCases.TC_002_LoginTest - Login is successful.....
11:30:23.027 [main] INFO  testCases.TC_002_LoginTest - Clicked on logout link.....
11:30:23.066 [main] INFO  testCases.TC_002_LoginTest - Accout Logout screen is displayed.....
11:30:23.766 [main] INFO  testCases.TC_002_LoginTest - Clicked on Continue in Accout Logout page.....
11:30:33.826 [main] INFO  testCases.TC_002_LoginTest - Logout is successful.....
