10:59:19.456 [main] INFO  testCases.TC_002_LoginTest - Logout is successful.....
10:59:19.469 [main] INFO  testCases.TC_002_LoginTest - *************** Finished TC_002_LoginTest ****************
11:00:08.025 [main] INFO  org.testng.internal.Utils - [TestNG] Running:
  D:\Venkat\BVN Reddy Tutorial\Automation\selenium-workspace\OpenCart\GroupingTests.xml

11:00:38.870 [main] INFO  testCases.TC_001_AccountRegistrationTest - ************* Starting TC_001_AccountRegistrationTest **************
11:00:39.049 [main] INFO  testCases.TC_001_AccountRegistrationTest - Cliked on My Account link..
11:00:39.767 [main] INFO  testCases.TC_001_AccountRegistrationTest - Clicked on Register link...
11:00:39.768 [main] INFO  testCases.TC_001_AccountRegistrationTest - Entering customer details in Register Account page
11:00:40.342 [main] INFO  testCases.TC_001_AccountRegistrationTest - Checked on privacy policy
11:00:40.440 [main] INFO  testCases.TC_001_AccountRegistrationTest - Clicked on Continue....
11:00:41.189 [main] INFO  testCases.TC_001_AccountRegistrationTest - Validated the message 'Your Account Has Been Created!' 
11:01:10.089 [main] INFO  testCases.TC_002_LoginTest - ********** Starting TC_002_LoginTest **************
11:01:10.193 [main] INFO  testCases.TC_002_LoginTest - Clicked on My Account link in home page..........
11:01:10.829 [main] INFO  testCases.TC_002_LoginTest - Clicked on login link in home page..........
11:01:10.895 [main] INFO  testCases.TC_002_LoginTest - Login Confirmation : true
11:01:10.896 [main] INFO  testCases.TC_002_LoginTest - Login Page is displayed.....
11:01:10.900 [main] INFO  testCases.TC_002_LoginTest - Login details are provided...
11:01:11.829 [main] INFO  testCases.TC_002_LoginTest - Login is successful.....
11:01:12.319 [main] INFO  testCases.TC_002_LoginTest - Clicked on logout link.....
11:01:12.390 [main] INFO  testCases.TC_002_LoginTest - Accout Logout screen is displayed.....
11:01:12.783 [main] INFO  testCases.TC_002_LoginTest - Clicked on Continue in Accout Logout page.....
11:01:22.847 [main] INFO  testCases.TC_002_LoginTest - Logout is successful.....
11:01:22.847 [main] INFO  testCases.TC_002_LoginTest - *************** Finished TC_002_LoginTest ****************
10:01:41.650 [main] INFO  testCases.TC_002_LoginTest - ********** Starting TC_002_LoginTest **************
10:01:41.825 [main] INFO  testCases.TC_002_LoginTest - Clicked on My Account link in home page..........
10:01:42.878 [main] INFO  testCases.TC_002_LoginTest - Clicked on login link in home page..........
10:01:42.925 [main] INFO  testCases.TC_002_LoginTest - Login Confirmation : true
10:01:42.925 [main] INFO  testCases.TC_002_LoginTest - Login Page is displayed.....
10:01:42.930 [main] INFO  testCases.TC_002_LoginTest - Login details are provided...
10:01:43.990 [main] INFO  testCases.TC_002_LoginTest - Login is successful.....
10:01:44.517 [main] INFO  testCases.TC_002_LoginTest - Clicked on logout link.....
10:01:44.559 [main] INFO  testCases.TC_002_LoginTest - Accout Logout screen is displayed.....
10:01:45.111 [main] INFO  testCases.TC_002_LoginTest - Clicked on Continue in Accout Logout page.....
10:01:55.185 [main] INFO  testCases.TC_002_LoginTest - Logout is successful.....
10:01:55.185 [main] INFO  testCases.TC_002_LoginTest - *************** Finished TC_002_LoginTest ****************
10:03:39.848 [main] INFO  testCases.TC_001_AccountRegistrationTest - ************* Starting TC_001_AccountRegistrationTest **************
10:03:40.509 [main] INFO  testCases.TC_001_AccountRegistrationTest - Cliked on My Account link..
10:03:41.806 [main] INFO  testCases.TC_001_AccountRegistrationTest - Clicked on Register link...
10:03:41.807 [main] INFO  testCases.TC_001_AccountRegistrationTest - Entering customer details in Register Account page
10:03:42.503 [main] INFO  testCases.TC_001_AccountRegistrationTest - Checked on privacy policy
10:03:42.608 [main] INFO  testCases.TC_001_AccountRegistrationTest - Clicked on Continue....
10:03:44.053 [main] INFO  testCases.TC_001_AccountRegistrationTest - Validated the message 'Your Account Has Been Created!' 
10:04:18.897 [main] INFO  testCases.TC_002_LoginTest - ********** Starting TC_002_LoginTest **************
10:04:19.170 [main] INFO  testCases.TC_002_LoginTest - Clicked on My Account link in home page..........
10:04:20.076 [main] INFO  testCases.TC_002_LoginTest - Clicked on login link in home page..........
10:04:20.135 [main] INFO  testCases.TC_002_LoginTest - Login Confirmation : true
10:04:20.135 [main] INFO  testCases.TC_002_LoginTest - Login Page is displayed.....
10:04:20.139 [main] INFO  testCases.TC_002_LoginTest - Login details are provided...
10:04:22.306 [main] INFO  testCases.TC_002_LoginTest - Login is successful.....
10:04:23.369 [main] INFO  testCases.TC_002_LoginTest - Clicked on logout link.....
10:04:23.423 [main] INFO  testCases.TC_002_LoginTest - Accout Logout screen is displayed.....
10:04:24.567 [main] INFO  testCases.TC_002_LoginTest - Clicked on Continue in Accout Logout page.....
