11:24:33.409 [main] INFO  testCases.TC_002_LoginTest - Login Confirmation : true
11:24:33.437 [main] INFO  testCases.TC_002_LoginTest - Login Page is displayed.....
11:24:33.439 [main] INFO  testCases.TC_002_LoginTest - Login details are provided...
11:24:34.753 [main] INFO  testCases.TC_002_LoginTest - Login is successful.....
11:24:35.494 [main] INFO  testCases.TC_002_LoginTest - Clicked on logout link.....
11:24:35.546 [main] INFO  testCases.TC_002_LoginTest - Accout Logout screen is displayed.....
11:24:36.237 [main] INFO  testCases.TC_002_LoginTest - Clicked on Continue in Accout Logout page.....
11:24:46.300 [main] INFO  testCases.TC_002_LoginTest - Logout is successful.....
11:24:46.301 [main] INFO  testCases.TC_002_LoginTest - *************** Finished TC_002_LoginTest ****************
11:28:14.065 [main] INFO  org.testng.internal.Utils - [TestNG] Running:
  D:\Venkat\BVN Reddy Tutorial\Automation\selenium-workspace\OpenCart\GroupingTests.xml

11:28:42.423 [main] INFO  testCases.TC_001_AccountRegistrationTest - ************* Starting TC_001_AccountRegistrationTest **************
11:28:42.580 [main] INFO  testCases.TC_001_AccountRegistrationTest - Cliked on My Account link..
11:28:43.218 [main] INFO  testCases.TC_001_AccountRegistrationTest - Clicked on Register link...
11:28:43.218 [main] INFO  testCases.TC_001_AccountRegistrationTest - Entering customer details in Register Account page
11:28:43.733 [main] INFO  testCases.TC_001_AccountRegistrationTest - Checked on privacy policy
11:28:43.809 [main] INFO  testCases.TC_001_AccountRegistrationTest - Clicked on Continue....
11:28:44.542 [main] ERROR testCases.TC_001_AccountRegistrationTest - test case is failed........
11:29:12.925 [main] INFO  testCases.TC_002_LoginTest - ********** Starting TC_002_LoginTest **************
11:29:13.050 [main] INFO  testCases.TC_002_LoginTest - Clicked on My Account link in home page..........
11:29:13.653 [main] INFO  testCases.TC_002_LoginTest - Clicked on login link in home page..........
11:29:13.711 [main] INFO  testCases.TC_002_LoginTest - Login Confirmation : true
11:29:13.711 [main] INFO  testCases.TC_002_LoginTest - Login Page is displayed.....
11:29:13.714 [main] INFO  testCases.TC_002_LoginTest - Login details are provided...
11:29:24.090 [main] ERROR testCases.TC_002_LoginTest - Login is not successful.....
11:31:20.646 [main] INFO  org.testng.internal.Utils - [TestNG] Running:
  D:\Venkat\BVN Reddy Tutorial\Automation\selenium-workspace\OpenCart\test-output\testng-failed.xml

11:31:50.554 [main] INFO  testCases.TC_002_LoginTest - ********** Starting TC_002_LoginTest **************
11:31:50.750 [main] INFO  testCases.TC_002_LoginTest - Clicked on My Account link in home page..........
11:31:51.331 [main] INFO  testCases.TC_002_LoginTest - Clicked on login link in home page..........
11:31:51.383 [main] INFO  testCases.TC_002_LoginTest - Login Confirmation : true
11:31:51.383 [main] INFO  testCases.TC_002_LoginTest - Login Page is displayed.....
11:31:51.387 [main] INFO  testCases.TC_002_LoginTest - Login details are provided...
11:32:01.774 [main] ERROR testCases.TC_002_LoginTest - Login is not successful.....
11:32:28.858 [main] INFO  testCases.TC_001_AccountRegistrationTest - ************* Starting TC_001_AccountRegistrationTest **************
11:32:29.040 [main] INFO  testCases.TC_001_AccountRegistrationTest - Cliked on My Account link..
11:32:29.717 [main] INFO  testCases.TC_001_AccountRegistrationTest - Clicked on Register link...
11:32:29.717 [main] INFO  testCases.TC_001_AccountRegistrationTest - Entering customer details in Register Account page
11:32:30.204 [main] INFO  testCases.TC_001_AccountRegistrationTest - Checked on privacy policy
11:32:30.284 [main] INFO  testCases.TC_001_AccountRegistrationTest - Clicked on Continue....
11:32:31.120 [main] INFO  testCases.TC_001_AccountRegistrationTest - Validated the message 'Your Account Has Been Created!' 
11:34:17.444 [main] INFO  org.testng.internal.Utils - [TestNG] Running:
  D:\Venkat\BVN Reddy Tutorial\Automation\selenium-workspace\OpenCart\test-output\testng-failed.xml

11:34:46.299 [main] INFO  testCases.TC_002_LoginTest - ********** Starting TC_002_LoginTest **************
11:34:46.475 [main] INFO  testCases.TC_002_LoginTest - Clicked on My Account link in home page..........
11:34:47.027 [main] INFO  testCases.TC_002_LoginTest - Clicked on login link in home page..........
11:34:47.092 [main] INFO  testCases.TC_002_LoginTest - Login Confirmation : true
11:34:47.092 [main] INFO  testCases.TC_002_LoginTest - Login Page is displayed.....
11:34:47.096 [main] INFO  testCases.TC_002_LoginTest - Login details are provided...
11:34:48.144 [main] INFO  testCases.TC_002_LoginTest - Login is successful.....
11:34:49.068 [main] INFO  testCases.TC_002_LoginTest - Clicked on logout link.....
11:34:49.163 [main] INFO  testCases.TC_002_LoginTest - Accout Logout screen is displayed.....
11:34:49.876 [main] INFO  testCases.TC_002_LoginTest - Clicked on Continue in Accout Logout page.....
