11:34:59.895 [main] INFO  testCases.TC_002_LoginTest - Logout is successful.....
11:34:59.912 [main] INFO  testCases.TC_002_LoginTest - *************** Finished TC_002_LoginTest ****************
10:32:27.233 [main] INFO  org.testng.internal.Utils - [TestNG] Running:
  D:\Venkat\BVN Reddy Tutorial\Automation\selenium-workspace\OpenCart\GroupingTests.xml

10:34:35.488 [main] INFO  org.testng.internal.Utils - [TestNG] Running:
  D:\Venkat\BVN Reddy Tutorial\Automation\selenium-workspace\OpenCart\GroupingTests.xml

10:35:44.443 [main] INFO  org.testng.internal.Utils - [TestNG] Running:
  D:\Venkat\BVN Reddy Tutorial\Automation\selenium-workspace\OpenCart\GroupingTests.xml

10:37:21.694 [main] INFO  org.testng.internal.Utils - [TestNG] Running:
  D:\Venkat\BVN Reddy Tutorial\Automation\selenium-workspace\OpenCart\GroupingTests.xml

10:39:52.139 [main] INFO  org.testng.internal.Utils - [TestNG] Running:
  D:\Venkat\BVN Reddy Tutorial\Automation\selenium-workspace\OpenCart\GroupingTests.xml

10:41:58.567 [main] INFO  org.testng.internal.Utils - [TestNG] Running:
  D:\Venkat\BVN Reddy Tutorial\Automation\selenium-workspace\OpenCart\GroupingTests.xml

10:54:11.417 [main] INFO  org.testng.internal.Utils - [TestNG] Running:
  D:\Venkat\BVN Reddy Tutorial\Automation\selenium-workspace\OpenCart\GroupingTests.xml

10:55:09.609 [main] INFO  testCases.TC_001_AccountRegistrationTest - ************* Starting TC_001_AccountRegistrationTest **************
10:55:09.761 [main] INFO  testCases.TC_001_AccountRegistrationTest - Cliked on My Account link..
10:55:10.322 [main] INFO  testCases.TC_001_AccountRegistrationTest - Clicked on Register link...
10:55:10.322 [main] INFO  testCases.TC_001_AccountRegistrationTest - Entering customer details in Register Account page
10:55:10.808 [main] INFO  testCases.TC_001_AccountRegistrationTest - Checked on privacy policy
10:55:10.882 [main] INFO  testCases.TC_001_AccountRegistrationTest - Clicked on Continue....
10:55:11.568 [main] INFO  testCases.TC_001_AccountRegistrationTest - Validated the message 'Your Account Has Been Created!' 
10:55:39.759 [main] INFO  testCases.TC_002_LoginTest - ********** Starting TC_002_LoginTest **************
10:55:39.892 [main] INFO  testCases.TC_002_LoginTest - Clicked on My Account link in home page..........
10:55:40.537 [main] INFO  testCases.TC_002_LoginTest - Clicked on login link in home page..........
10:55:40.709 [main] INFO  testCases.TC_002_LoginTest - Login Confirmation : true
10:55:40.709 [main] INFO  testCases.TC_002_LoginTest - Login Page is displayed.....
10:55:40.713 [main] INFO  testCases.TC_002_LoginTest - Login details are provided...
10:55:41.726 [main] INFO  testCases.TC_002_LoginTest - Login is successful.....
10:55:42.340 [main] INFO  testCases.TC_002_LoginTest - Clicked on logout link.....
10:55:42.402 [main] INFO  testCases.TC_002_LoginTest - Accout Logout screen is displayed.....
10:55:42.976 [main] INFO  testCases.TC_002_LoginTest - Clicked on Continue in Accout Logout page.....
10:55:53.103 [main] INFO  testCases.TC_002_LoginTest - Logout is successful.....
10:55:53.103 [main] INFO  testCases.TC_002_LoginTest - *************** Finished TC_002_LoginTest ****************
10:58:02.365 [main] INFO  org.testng.internal.Utils - [TestNG] Running:
  D:\Venkat\BVN Reddy Tutorial\Automation\selenium-workspace\OpenCart\GroupingTests.xml

10:58:33.457 [main] INFO  testCases.TC_001_AccountRegistrationTest - ************* Starting TC_001_AccountRegistrationTest **************
10:58:33.862 [main] INFO  testCases.TC_001_AccountRegistrationTest - Cliked on My Account link..
10:58:34.707 [main] INFO  testCases.TC_001_AccountRegistrationTest - Clicked on Register link...
10:58:34.708 [main] INFO  testCases.TC_001_AccountRegistrationTest - Entering customer details in Register Account page
10:58:35.197 [main] INFO  testCases.TC_001_AccountRegistrationTest - Checked on privacy policy
10:58:35.284 [main] INFO  testCases.TC_001_AccountRegistrationTest - Clicked on Continue....
10:58:36.100 [main] INFO  testCases.TC_001_AccountRegistrationTest - Validated the message 'Your Account Has Been Created!' 
10:59:04.836 [main] INFO  testCases.TC_002_LoginTest - ********** Starting TC_002_LoginTest **************
10:59:05.114 [main] INFO  testCases.TC_002_LoginTest - Clicked on My Account link in home page..........
10:59:05.899 [main] INFO  testCases.TC_002_LoginTest - Clicked on login link in home page..........
10:59:05.982 [main] INFO  testCases.TC_002_LoginTest - Login Confirmation : true
10:59:05.982 [main] INFO  testCases.TC_002_LoginTest - Login Page is displayed.....
10:59:05.987 [main] INFO  testCases.TC_002_LoginTest - Login details are provided...
10:59:07.593 [main] INFO  testCases.TC_002_LoginTest - Login is successful.....
10:59:08.680 [main] INFO  testCases.TC_002_LoginTest - Clicked on logout link.....
10:59:08.760 [main] INFO  testCases.TC_002_LoginTest - Accout Logout screen is displayed.....
10:59:09.401 [main] INFO  testCases.TC_002_LoginTest - Clicked on Continue in Accout Logout page.....
